<?xml version="1.0" encoding="UTF-8"?>
<testsuite name="TestProject/tests" tests="1" failures="1" skipped="0" hostname="SSCINDIA-M-73NX" time="7.619" timestamp="Wed Jul 01 16:28:53 PDT 2020">
	<properties>
		<property name="excludeCallableTestCases" value="true"/>
		<property name="testEnvironment" value=""/>
		<property name="pluginOutputLevel" value="WARNING"/>
		<property name="projectPath" value=".."/>
		<property name="salesforceMetadataCache" value="Reuse"/>
		<property name="resultsPathDisposition" value="Increment"/>
		<property name="testOutputLevel" value="WARNING"/>
		<property name="webBrowserType" value="Google Chrome"/>
		<property name="resultsPath" value="../ANT/Results"/>
		<property name="webBrowserConfiguration" value="Full Screen"/>
		<property name="projectCachePath" value="/Users/smita.scindia/Provar/Workspace2/TestProject/ANT/../../.provarCaches"/>
	</properties>
	<testcase classname="tests/Test Case 1.testcase" name="Test Case 1.testcase" time="7.344">
		<failure message="Execution failed"><![CDATA[Field not found on Page Object.  Parent class: pageobjects.MyPageObject, field: googleSearch]]></failure>
	</testcase>
</testsuite>
