<?xml version="1.0" encoding="UTF-8"?>
<testsuite name="TestProject/tests" tests="1" failures="0" skipped="0" hostname="SSCINDIA-M-73NX" time="41.654" timestamp="Wed Jul 01 16:31:13 PDT 2020">
	<properties>
		<property name="excludeCallableTestCases" value="true"/>
		<property name="testEnvironment" value=""/>
		<property name="pluginOutputLevel" value="WARNING"/>
		<property name="projectPath" value=".."/>
		<property name="salesforceMetadataCache" value="Reuse"/>
		<property name="resultsPathDisposition" value="Increment"/>
		<property name="testOutputLevel" value="WARNING"/>
		<property name="webBrowserType" value="Google Chrome"/>
		<property name="resultsPath" value="../ANT/Results"/>
		<property name="webBrowserConfiguration" value="Full Screen"/>
		<property name="projectCachePath" value="/Users/smita.scindia/Provar/Workspace2/TestProject/ANT/../../.provarCaches"/>
	</properties>
	<testcase classname="tests/Automationregressiontests/CreateLead.testcase" name="CreateLead.testcase" time="41.454">
	</testcase>
</testsuite>
