<?xml version="1.0" encoding="UTF-8"?>
<testsuite name="TestProject/tests" tests="1" failures="1" skipped="0" hostname="SSCINDIA-M-73NX" time="76.667" timestamp="Wed Jul 01 15:21:13 PDT 2020">
	<properties>
		<property name="excludeCallableTestCases" value="true"/>
		<property name="testEnvironment" value=""/>
		<property name="pluginOutputLevel" value="WARNING"/>
		<property name="projectPath" value=".."/>
		<property name="salesforceMetadataCache" value="Reuse"/>
		<property name="resultsPathDisposition" value="Increment"/>
		<property name="testOutputLevel" value="WARNING"/>
		<property name="webBrowserType" value="Google Chrome"/>
		<property name="resultsPath" value="../ANT/Results"/>
		<property name="webBrowserConfiguration" value="Full Screen"/>
		<property name="projectCachePath" value="/Users/smita.scindia/Provar/Workspace2/TestProject/ANT/../../.provarCaches"/>
	</properties>
	<testcase classname="tests/Test Case 1.testcase" name="Test Case 1.testcase" time="76.474">
		<failure message="Execution failed"><![CDATA[Unable to resolve screen mapping.  Target Url: sf:ui:target?object=Account&recordType=End+Cust&action=New]]></failure>
	</testcase>
</testsuite>
